TN:
SF:lib\carbon-calculator.ts
FN:25,calculateTransportEmissions
FN:35,calculateElectricityEmissions
FN:41,calculateFoodEmissions
FN:45,calculateWasteEmissions
FN:52,determineRating
FN:68,calculateCarbonFootprint
FN:103,recPriorityValue
FN:120,deduplicateByCategory
FN:140,generateRecommendations
FN:379,toPieChartData
FN:392,toBarChartData
FN:421,formatKg
FN:429,formatTonnes
FN:433,getRatingConfig
FNF:14
FNH:14
FNDA:51,calculateTransportEmissions
FNDA:49,calculateElectricityEmissions
FNDA:53,calculateFoodEmissions
FNDA:50,calculateWasteEmissions
FNDA:54,determineRating
FNDA:43,calculateCarbonFootprint
FNDA:186,recPriorityValue
FNDA:24,deduplicateByCategory
FNDA:24,generateRecommendations
FNDA:4,toPieChartData
FNDA:4,toBarChartData
FNDA:6,formatKg
FNDA:4,formatTonnes
FNDA:16,getRatingConfig
DA:1,1
DA:2,1
DA:3,1
DA:4,1
DA:5,1
DA:6,1
DA:7,1
DA:8,1
DA:9,1
DA:10,1
DA:11,1
DA:12,1
DA:13,1
DA:14,1
DA:15,1
DA:16,1
DA:17,1
DA:18,1
DA:19,1
DA:20,1
DA:21,1
DA:22,1
DA:23,1
DA:24,1
DA:25,1
DA:26,51
DA:27,51
DA:28,51
DA:29,51
DA:30,51
DA:31,51
DA:32,51
DA:33,51
DA:34,1
DA:35,1
DA:36,49
DA:37,49
DA:38,49
DA:39,49
DA:40,1
DA:41,1
DA:42,53
DA:43,53
DA:44,1
DA:45,1
DA:46,50
DA:47,50
DA:48,50
DA:49,50
DA:50,50
DA:51,1
DA:52,1
DA:53,54
DA:54,6
DA:55,6
DA:56,48
DA:57,54
DA:58,6
DA:59,6
DA:60,42
DA:61,54
DA:62,34
DA:63,34
DA:64,8
DA:65,8
DA:66,8
DA:67,1
DA:68,1
DA:69,43
DA:70,43
DA:71,43
DA:72,43
DA:73,43
DA:74,43
DA:75,43
DA:76,43
DA:77,43
DA:78,43
DA:79,43
DA:80,43
DA:81,43
DA:82,43
DA:83,43
DA:84,43
DA:85,43
DA:86,43
DA:87,43
DA:88,43
DA:89,43
DA:90,43
DA:91,43
DA:92,43
DA:93,43
DA:94,43
DA:95,43
DA:96,43
DA:97,43
DA:98,43
DA:99,43
DA:100,43
DA:101,43
DA:102,1
DA:103,186
DA:104,186
DA:105,186
DA:106,186
DA:107,186
DA:108,186
DA:109,186
DA:110,186
DA:111,186
DA:112,1
DA:113,1
DA:114,1
DA:115,1
DA:116,1
DA:117,1
DA:118,1
DA:119,1
DA:120,1
DA:121,24
DA:122,24
DA:123,24
DA:124,24
DA:125,24
DA:126,107
DA:127,107
DA:128,107
DA:129,94
DA:130,107
DA:131,0
DA:132,0
DA:133,0
DA:134,107
DA:135,107
DA:136,24
DA:137,24
DA:138,24
DA:139,1
DA:140,1
DA:141,24
DA:142,24
DA:143,24
DA:144,24
DA:145,24
DA:146,24
DA:147,24
DA:148,6
DA:149,6
DA:150,6
DA:151,6
DA:152,6
DA:153,6
DA:154,6
DA:155,6
DA:156,6
DA:157,6
DA:158,6
DA:159,6
DA:160,6
DA:161,6
DA:162,6
DA:163,24
DA:164,1
DA:165,1
DA:166,1
DA:167,1
DA:168,1
DA:169,1
DA:170,1
DA:171,1
DA:172,1
DA:173,1
DA:174,1
DA:175,1
DA:176,1
DA:177,1
DA:178,1
DA:179,24
DA:180,24
DA:181,5
DA:182,5
DA:183,5
DA:184,5
DA:185,5
DA:186,5
DA:187,5
DA:188,5
DA:189,5
DA:190,5
DA:191,5
DA:192,5
DA:193,5
DA:194,5
DA:195,5
DA:196,24
DA:197,15
DA:198,15
DA:199,15
DA:200,15
DA:201,15
DA:202,15
DA:203,15
DA:204,15
DA:205,15
DA:206,15
DA:207,15
DA:208,15
DA:209,15
DA:210,15
DA:211,15
DA:212,24
DA:213,24
DA:214,24
DA:215,6
DA:216,6
DA:217,6
DA:218,6
DA:219,6
DA:220,6
DA:221,6
DA:222,6
DA:223,6
DA:224,6
DA:225,6
DA:226,6
DA:227,6
DA:228,6
DA:229,6
DA:230,6
DA:231,24
DA:232,24
DA:233,24
DA:234,6
DA:235,6
DA:236,6
DA:237,6
DA:238,6
DA:239,6
DA:240,6
DA:241,6
DA:242,6
DA:243,6
DA:244,6
DA:245,6
DA:246,6
DA:247,6
DA:248,6
DA:249,6
DA:250,24
DA:251,15
DA:252,15
DA:253,15
DA:254,15
DA:255,15
DA:256,15
DA:257,15
DA:258,15
DA:259,15
DA:260,15
DA:261,15
DA:262,15
DA:263,15
DA:264,15
DA:265,15
DA:266,24
DA:267,24
DA:268,24
DA:269,3
DA:270,3
DA:271,3
DA:272,3
DA:273,3
DA:274,3
DA:275,3
DA:276,3
DA:277,3
DA:278,3
DA:279,3
DA:280,3
DA:281,3
DA:282,3
DA:283,3
DA:284,24
DA:285,24
DA:286,24
DA:287,5
DA:288,5
DA:289,5
DA:290,5
DA:291,5
DA:292,5
DA:293,5
DA:294,5
DA:295,5
DA:296,5
DA:297,5
DA:298,5
DA:299,5
DA:300,5
DA:301,5
DA:302,24
DA:303,15
DA:304,15
DA:305,15
DA:306,15
DA:307,15
DA:308,15
DA:309,15
DA:310,15
DA:311,15
DA:312,15
DA:313,15
DA:314,15
DA:315,15
DA:316,15
DA:317,15
DA:318,24
DA:319,24
DA:320,24
DA:321,5
DA:322,5
DA:323,5
DA:324,5
DA:325,5
DA:326,5
DA:327,5
DA:328,5
DA:329,5
DA:330,5
DA:331,5
DA:332,5
DA:333,5
DA:334,5
DA:335,5
DA:336,24
DA:337,1
DA:338,1
DA:339,1
DA:340,1
DA:341,1
DA:342,1
DA:343,1
DA:344,1
DA:345,1
DA:346,1
DA:347,1
DA:348,1
DA:349,1
DA:350,1
DA:351,1
DA:352,24
DA:353,24
DA:354,24
DA:355,24
DA:356,24
DA:357,24
DA:358,24
DA:359,24
DA:360,24
DA:361,24
DA:362,24
DA:363,24
DA:364,24
DA:365,24
DA:366,24
DA:367,24
DA:368,24
DA:369,24
DA:370,24
DA:371,24
DA:372,24
DA:373,24
DA:374,24
DA:375,24
DA:376,24
DA:377,24
DA:378,1
DA:379,1
DA:380,4
DA:381,4
DA:382,4
DA:383,4
DA:384,4
DA:385,4
DA:386,4
DA:387,4
DA:388,4
DA:389,4
DA:390,4
DA:391,1
DA:392,1
DA:393,4
DA:394,4
DA:395,4
DA:396,4
DA:397,4
DA:398,4
DA:399,4
DA:400,4
DA:401,4
DA:402,4
DA:403,4
DA:404,4
DA:405,4
DA:406,4
DA:407,4
DA:408,4
DA:409,4
DA:410,4
DA:411,4
DA:412,4
DA:413,4
DA:414,4
DA:415,4
DA:416,4
DA:417,4
DA:418,4
DA:419,4
DA:420,1
DA:421,1
DA:422,6
DA:423,3
DA:424,3
DA:425,3
DA:426,3
DA:427,3
DA:428,1
DA:429,1
DA:430,4
DA:431,4
DA:432,1
DA:433,1
DA:434,16
DA:435,16
LF:435
LH:432
BRDA:25,0,0,51
BRDA:35,1,0,49
BRDA:41,2,0,53
BRDA:45,3,0,50
BRDA:52,4,0,54
BRDA:53,5,0,6
BRDA:55,6,0,48
BRDA:57,7,0,6
BRDA:59,8,0,42
BRDA:61,9,0,34
BRDA:63,10,0,8
BRDA:68,11,0,43
BRDA:84,12,0,0
BRDA:86,13,0,0
BRDA:87,14,0,0
BRDA:88,15,0,0
BRDA:79,16,0,172
BRDA:103,17,0,186
BRDA:120,18,0,24
BRDA:125,19,0,107
BRDA:128,20,0,94
BRDA:130,21,0,13
BRDA:130,22,0,0
BRDA:140,23,0,24
BRDA:147,24,0,6
BRDA:163,25,0,18
BRDA:163,26,0,1
BRDA:180,27,0,5
BRDA:196,28,0,19
BRDA:196,29,0,15
BRDA:214,30,0,6
BRDA:233,31,0,6
BRDA:250,32,0,18
BRDA:250,33,0,15
BRDA:268,34,0,3
BRDA:286,35,0,5
BRDA:302,36,0,19
BRDA:302,37,0,15
BRDA:320,38,0,5
BRDA:336,39,0,19
BRDA:336,40,0,1
BRDA:375,41,0,80
BRDA:379,42,0,4
BRDA:392,43,0,4
BRDA:421,44,0,6
BRDA:422,45,0,3
BRDA:429,46,0,4
BRDA:433,47,0,16
BRF:48
BRH:43
end_of_record
TN:
SF:lib\constants.ts
FNF:0
FNH:0
DA:1,1
DA:2,1
DA:3,1
DA:4,1
DA:5,1
DA:6,1
DA:7,1
DA:8,1
DA:9,1
DA:10,1
DA:11,1
DA:12,1
DA:13,1
DA:14,1
DA:15,1
DA:16,1
DA:17,1
DA:18,1
DA:19,1
DA:20,1
DA:21,1
DA:22,1
DA:23,1
DA:24,1
DA:25,1
DA:26,1
DA:27,1
DA:28,1
DA:29,1
DA:30,1
DA:31,1
DA:32,1
DA:33,1
DA:34,1
DA:35,1
DA:36,1
DA:37,1
DA:38,1
DA:39,1
DA:40,1
DA:41,1
DA:42,1
DA:43,1
DA:44,1
DA:45,1
DA:46,1
DA:47,1
DA:48,1
DA:49,1
DA:50,1
DA:51,1
DA:52,1
DA:53,1
DA:54,1
DA:55,1
DA:56,1
DA:57,1
DA:58,1
DA:59,1
DA:60,1
DA:61,1
DA:62,1
DA:63,1
DA:64,1
DA:65,1
DA:66,1
DA:67,1
DA:68,1
DA:69,1
DA:70,1
DA:71,1
DA:72,1
DA:73,1
DA:74,1
DA:75,1
DA:76,1
DA:77,1
DA:78,1
DA:79,1
DA:80,1
DA:81,1
DA:82,1
DA:83,1
DA:84,1
DA:85,1
DA:86,1
DA:87,1
DA:88,1
DA:89,1
DA:90,1
DA:91,1
DA:92,1
DA:93,1
DA:94,1
DA:95,1
DA:96,1
DA:97,1
DA:98,1
DA:99,1
DA:100,1
DA:101,1
DA:102,1
DA:103,1
DA:104,1
DA:105,1
DA:106,1
DA:107,1
DA:108,1
DA:109,1
DA:110,1
DA:111,1
DA:112,1
DA:113,1
DA:114,1
DA:115,1
DA:116,1
DA:117,1
DA:118,1
DA:119,1
DA:120,1
DA:121,1
DA:122,1
DA:123,1
DA:124,1
DA:125,1
DA:126,1
DA:127,1
DA:128,1
DA:129,1
DA:130,1
DA:131,1
DA:132,1
DA:133,1
DA:134,1
DA:135,1
DA:136,1
DA:137,1
DA:138,1
DA:139,1
DA:140,1
DA:141,1
DA:142,1
DA:143,1
DA:144,1
DA:145,1
DA:146,1
DA:147,1
DA:148,1
DA:149,1
DA:150,1
LF:150
LH:150
BRF:0
BRH:0
end_of_record
TN:
SF:lib\validation.ts
FN:24,errorMap
FN:34,errorMap
FN:40,parseStoredCalculatorInputs
FNF:3
FNH:3
FNDA:5,errorMap
FNDA:4,errorMap
FNDA:10,parseStoredCalculatorInputs
DA:1,1
DA:2,1
DA:3,1
DA:4,1
DA:5,1
DA:6,1
DA:7,1
DA:8,1
DA:9,1
DA:10,1
DA:11,1
DA:12,1
DA:13,1
DA:14,1
DA:15,1
DA:16,1
DA:17,1
DA:18,1
DA:19,1
DA:20,1
DA:21,1
DA:22,1
DA:23,1
DA:24,1
DA:25,1
DA:26,1
DA:27,1
DA:28,1
DA:29,1
DA:30,1
DA:31,1
DA:32,1
DA:33,1
DA:34,1
DA:35,1
DA:36,1
DA:37,1
DA:38,1
DA:39,1
DA:40,1
DA:41,10
DA:42,10
DA:43,10
DA:44,2
DA:45,2
DA:46,8
DA:47,8
DA:48,8
DA:49,8
DA:50,8
DA:51,10
DA:52,10
DA:53,1
DA:54,1
DA:55,10
LF:55
LH:55
BRDA:24,0,0,5
BRDA:34,1,0,4
BRDA:40,2,0,10
BRDA:43,3,0,2
BRDA:45,4,0,8
BRDA:51,5,0,3
BRDA:51,6,0,4
BRDA:52,7,0,1
BRF:8
BRH:8
end_of_record
